[01:07:16] [Client thread/INFO]: Setting user: DevTest
[01:07:18] [Client thread/INFO]: LWJGL Version: 2.9.4
[01:07:21] [Client thread/INFO]: Reloading ResourceManager: Default, FMLFileResourcePack:Forge Mod Loader, FMLFileResourcePack:Minecraft Forge, FMLFileResourcePack:MSharp Bridge
[01:07:21] [Client thread/ERROR]: Couldn't initialize twitch stream
[01:07:21] [Sound Library Loader/INFO]: Starting up SoundSystem...
[01:07:21] [Thread-9/INFO]: Initializing LWJGL OpenAL
[01:07:21] [Thread-9/INFO]: (The LWJGL binding of OpenAL.  For more information, see http://www.lwjgl.org)
[01:07:21] [Thread-9/INFO]: OpenAL initialized.
[01:07:21] [Sound Library Loader/INFO]: Sound engine started
[01:07:22] [Client thread/INFO]: Created: 16x16 textures-atlas
[01:07:23] [Client thread/INFO]: Reloading ResourceManager: Default, FMLFileResourcePack:Forge Mod Loader, FMLFileResourcePack:Minecraft Forge, FMLFileResourcePack:MSharp Bridge
[01:07:23] [Client thread/INFO]: SoundSystem shutting down...
[01:07:23] [Client thread/WARN]: Author: Paul Lamb, www.paulscode.com
[01:07:23] [Sound Library Loader/INFO]: Starting up SoundSystem...
[01:07:23] [Thread-11/INFO]: Initializing LWJGL OpenAL
[01:07:23] [Thread-11/INFO]: (The LWJGL binding of OpenAL.  For more information, see http://www.lwjgl.org)
[01:07:23] [Thread-11/INFO]: OpenAL initialized.
[01:07:24] [Sound Library Loader/INFO]: Sound engine started
[01:07:24] [Client thread/INFO]: Created: 512x512 textures-atlas
[01:11:12] [Client thread/INFO]: Stopping!
[01:11:12] [Client thread/INFO]: SoundSystem shutting down...
[01:11:12] [Client thread/WARN]: Author: Paul Lamb, www.paulscode.com
